The system is: Windows - 6.3.9600 - AMD64
Compiling the C compiler identification source file "CMakeCCompilerId.c" succeeded.
Compiler: C:/Program Files (x86)/Microsoft Visual Studio/2017/Community/VC/Tools/MSVC/14.13.26128/bin/Hostx86/x86/cl.exe 
Build flags: 
Id flags:  

The output was:
0
Оптимизирующий компилятор Microsoft (R) C/C++ версии 19.13.26129 для x86
(C) Корпорация Майкрософт (Microsoft Corporation).  Все права защищены.

CMakeCCompilerId.c
Microsoft (R) Incremental Linker Version 14.13.26129.0
Copyright (C) Microsoft Corporation.  All rights reserved.

/out:CMakeCCompilerId.exe 
CMakeCCompilerId.obj 


Compilation of the C compiler identification source "CMakeCCompilerId.c" produced "CMakeCCompilerId.exe"

Compilation of the C compiler identification source "CMakeCCompilerId.c" produced "CMakeCCompilerId.obj"

The C compiler identification is MSVC, found in "D:/Ivan/ITMO/Algorithms/Lab3/Task1/cmake-build-debug/CMakeFiles/3.17.3/CompilerIdC/CMakeCCompilerId.exe"

Determining if the C compiler works passed with the following output:
Change Dir: D:/Ivan/ITMO/Algorithms/Lab3/Task1/cmake-build-debug/CMakeFiles/CMakeTmp

Run Build Command(s):nmake /nologo cmTC_e07a1\fast && 	"C:\Program Files (x86)\Microsoft Visual Studio\2017\Community\VC\Tools\MSVC\14.13.26128\bin\HostX86\x86\nmake.exe"  -f CMakeFiles\cmTC_e07a1.dir\build.make /nologo -L                  CMakeFiles\cmTC_e07a1.dir\build
Building C object CMakeFiles/cmTC_e07a1.dir/testCCompiler.c.obj
	C:\PROGRA~2\MIB055~1\2017\COMMUN~1\VC\Tools\MSVC\1413~1.261\bin\Hostx86\x86\cl.exe @C:\Users\DEFAUL~2\AppData\Local\Temp\nmBAB2.tmp
testCCompiler.c
Linking C executable cmTC_e07a1.exe
	"D:\Ivan\Programming\JetBrains\CLion 2020.2.1\bin\cmake\win\bin\cmake.exe" -E vs_link_exe --intdir=CMakeFiles\cmTC_e07a1.dir --rc=C:\PROGRA~2\WI3CF2~1\10\bin\100162~1.0\x86\rc.exe --mt=C:\PROGRA~2\WI3CF2~1\10\bin\100162~1.0\x86\mt.exe --manifests  -- C:\PROGRA~2\MIB055~1\2017\COMMUN~1\VC\Tools\MSVC\1413~1.261\bin\Hostx86\x86\link.exe /nologo @CMakeFiles\cmTC_e07a1.dir\objects1.rsp @C:\Users\DEFAUL~2\AppData\Local\Temp\nmBC98.tmp



Detecting C compiler ABI info compiled with the following output:
Change Dir: D:/Ivan/ITMO/Algorithms/Lab3/Task1/cmake-build-debug/CMakeFiles/CMakeTmp

Run Build Command(s):nmake /nologo cmTC_fc497\fast && 	"C:\Program Files (x86)\Microsoft Visual Studio\2017\Community\VC\Tools\MSVC\14.13.26128\bin\HostX86\x86\nmake.exe"  -f CMakeFiles\cmTC_fc497.dir\build.make /nologo -L                  CMakeFiles\cmTC_fc497.dir\build
Building C object CMakeFiles/cmTC_fc497.dir/CMakeCCompilerABI.c.obj
	C:\PROGRA~2\MIB055~1\2017\COMMUN~1\VC\Tools\MSVC\1413~1.261\bin\Hostx86\x86\cl.exe @C:\Users\DEFAUL~2\AppData\Local\Temp\nmC503.tmp
CMakeCCompilerABI.c
Linking C executable cmTC_fc497.exe
	"D:\Ivan\Programming\JetBrains\CLion 2020.2.1\bin\cmake\win\bin\cmake.exe" -E vs_link_exe --intdir=CMakeFiles\cmTC_fc497.dir --rc=C:\PROGRA~2\WI3CF2~1\10\bin\100162~1.0\x86\rc.exe --mt=C:\PROGRA~2\WI3CF2~1\10\bin\100162~1.0\x86\mt.exe --manifests  -- C:\PROGRA~2\MIB055~1\2017\COMMUN~1\VC\Tools\MSVC\1413~1.261\bin\Hostx86\x86\link.exe /nologo @CMakeFiles\cmTC_fc497.dir\objects1.rsp @C:\Users\DEFAUL~2\AppData\Local\Temp\nmC61D.tmp



